# JRE version: Java(TM) SE Runtime Environment (8.0_131-b11) (build 1.8.0_131-b11)
# Java VM: Java HotSpot(TM) 64-Bit Server VM (25.131-b11 mixed mode linux-amd64 compressed oops)
Heap:
 PSYoungGen      total 56320K, used 23638K [0x0000000781700000, 0x0000000787e00000, 0x00000007c0000000)
  eden space 48640K, 32% used [0x0000000781700000,0x00000007826963c0,0x0000000784680000)
  from space 7680K, 99% used [0x0000000784680000,0x0000000784dff780,0x0000000784e00000)
  to   space 7680K, 0% used [0x0000000787680000,0x0000000787680000,0x0000000787e00000)
 ParOldGen       total 128512K, used 35964K [0x0000000704400000, 0x000000070c180000, 0x0000000781700000)
  object space 128512K, 27% used [0x0000000704400000,0x000000070671f270,0x000000070c180000)
 Metaspace       used 19622K, capacity 20576K, committed 20864K, reserved 1067008K
  class space    used 2631K, capacity 2853K, committed 2944K, reserved 1048576K
GC Heap History (6 events):
Event: 2.053 GC heap before
{Heap before GC invocations=1 (full 0):
 PSYoungGen      total 56320K, used 48640K [0x0000000781700000, 0x0000000785580000, 0x00000007c0000000)
  eden space 48640K, 100% used [0x0000000781700000,0x0000000784680000,0x0000000784680000)
  from space 7680K, 0% used [0x0000000784e00000,0x0000000784e00000,0x0000000785580000)
  to   space 7680K, 0% used [0x0000000784680000,0x0000000784680000,0x0000000784e00000)
 ParOldGen       total 128512K, used 0K [0x0000000704400000, 0x000000070c180000, 0x0000000781700000)
  object space 128512K, 0% used [0x0000000704400000,0x0000000704400000,0x000000070c180000)
 Metaspace       used 15746K, capacity 16346K, committed 16512K, reserved 1062912K
  class space    used 2194K, capacity 2356K, committed 2432K, reserved 1048576K
Event: 2.080 GC heap after
Heap after GC invocations=1 (full 0):
 PSYoungGen      total 56320K, used 7674K [0x0000000781700000, 0x0000000788500000, 0x00000007c0000000)
  eden space 48640K, 0% used [0x0000000781700000,0x0000000781700000,0x0000000784680000)
  from space 7680K, 99% used [0x0000000784680000,0x0000000784dfea30,0x0000000784e00000)
  to   space 7680K, 0% used [0x0000000787d80000,0x0000000787d80000,0x0000000788500000)
 ParOldGen       total 128512K, used 7128K [0x0000000704400000, 0x000000070c180000, 0x0000000781700000)
  object space 128512K, 5% used [0x0000000704400000,0x0000000704af6310,0x000000070c180000)
 Metaspace       used 15746K, capacity 16346K, committed 16512K, reserved 1062912K
  class space    used 2194K, capacity 2356K, committed 2432K, reserved 1048576K
}
Event: 25.057 GC heap before
{Heap before GC invocations=2 (full 0):
 PSYoungGen      total 56320K, used 53450K [0x0000000781700000, 0x0000000788500000, 0x00000007c0000000)
  eden space 48640K, 94% used [0x0000000781700000,0x00000007843b3e40,0x0000000784680000)
  from space 7680K, 99% used [0x0000000784680000,0x0000000784dfea30,0x0000000784e00000)
  to   space 7680K, 0% used [0x0000000787d80000,0x0000000787d80000,0x0000000788500000)
 ParOldGen       total 128512K, used 7128K [0x0000000704400000, 0x000000070c180000, 0x0000000781700000)
  object space 128512K, 5% used [0x0000000704400000,0x0000000704af6310,0x000000070c180000)
 Metaspace       used 19083K, capacity 19932K, committed 20096K, reserved 1067008K
  class space    used 2616K, capacity 2825K, committed 2944K, reserved 1048576K
Event: 25.092 GC heap after
Heap after GC invocations=2 (full 0):
 PSYoungGen      total 56320K, used 7669K [0x0000000781700000, 0x0000000788500000, 0x00000007c0000000)
  eden space 48640K, 0% used [0x0000000781700000,0x0000000781700000,0x0000000784680000)
  from space 7680K, 99% used [0x0000000787d80000,0x00000007884fd430,0x0000000788500000)
  to   space 7680K, 0% used [0x0000000784680000,0x0000000784680000,0x0000000784e00000)
 ParOldGen       total 128512K, used 19134K [0x0000000704400000, 0x000000070c180000, 0x0000000781700000)
  object space 128512K, 14% used [0x0000000704400000,0x00000007056af840,0x000000070c180000)
 Metaspace       used 19083K, capacity 19932K, committed 20096K, reserved 1067008K
  class space    used 2616K, capacity 2825K, committed 2944K, reserved 1048576K
}
Event: 28.289 GC heap before
{Heap before GC invocations=3 (full 0):
 PSYoungGen      total 56320K, used 53401K [0x0000000781700000, 0x0000000788500000, 0x00000007c0000000)
  eden space 48640K, 94% used [0x0000000781700000,0x00000007843a9080,0x0000000784680000)
  from space 7680K, 99% used [0x0000000787d80000,0x00000007884fd430,0x0000000788500000)
  to   space 7680K, 0% used [0x0000000784680000,0x0000000784680000,0x0000000784e00000)
 ParOldGen       total 128512K, used 19134K [0x0000000704400000, 0x000000070c180000, 0x0000000781700000)
  object space 128512K, 14% used [0x0000000704400000,0x00000007056af840,0x000000070c180000)
 Metaspace       used 19500K, capacity 20410K, committed 20608K, reserved 1067008K
  class space    used 2623K, capacity 2838K, committed 2944K, reserved 1048576K
Event: 28.319 GC heap after
Heap after GC invocations=3 (full 0):
 PSYoungGen      total 56320K, used 7677K [0x0000000781700000, 0x0000000787e00000, 0x00000007c0000000)
  eden space 48640K, 0% used [0x0000000781700000,0x0000000781700000,0x0000000784680000)
  from space 7680K, 99% used [0x0000000784680000,0x0000000784dff780,0x0000000784e00000)
  to   space 7680K, 0% used [0x0000000787680000,0x0000000787680000,0x0000000787e00000)
 ParOldGen       total 128512K, used 35964K [0x0000000704400000, 0x000000070c180000, 0x0000000781700000)
  object space 128512K, 27% used [0x0000000704400000,0x000000070671f270,0x000000070c180000)
 Metaspace       used 19500K, capacity 20410K, committed 20608K, reserved 1067008K
  class space    used 2623K, capacity 2838K, committed 2944K, reserved 1048576K
}

