# JRE version: Java(TM) SE Runtime Environment (8.0_131-b11) (build 1.8.0_131-b11)
# Java VM: Java HotSpot(TM) 64-Bit Server VM (25.131-b11 mixed mode linux-amd64 compressed oops)
Heap:
 PSYoungGen      total 56320K, used 21207K [0x0000000781700000, 0x0000000787e00000, 0x00000007c0000000)
  eden space 48640K, 27% used [0x0000000781700000,0x000000078243c578,0x0000000784680000)
  from space 7680K, 99% used [0x0000000784680000,0x0000000784df9990,0x0000000784e00000)
  to   space 7680K, 0% used [0x0000000787680000,0x0000000787680000,0x0000000787e00000)
 ParOldGen       total 128512K, used 14807K [0x0000000704400000, 0x000000070c180000, 0x0000000781700000)
  object space 128512K, 11% used [0x0000000704400000,0x0000000705275f18,0x000000070c180000)
 Metaspace       used 18799K, capacity 19572K, committed 19712K, reserved 1067008K
  class space    used 2503K, capacity 2727K, committed 2816K, reserved 1048576K
GC Heap History (6 events):
Event: 1.999 GC heap before
{Heap before GC invocations=1 (full 0):
 PSYoungGen      total 56320K, used 48640K [0x0000000781700000, 0x0000000785580000, 0x00000007c0000000)
  eden space 48640K, 100% used [0x0000000781700000,0x0000000784680000,0x0000000784680000)
  from space 7680K, 0% used [0x0000000784e00000,0x0000000784e00000,0x0000000785580000)
  to   space 7680K, 0% used [0x0000000784680000,0x0000000784680000,0x0000000784e00000)
 ParOldGen       total 128512K, used 0K [0x0000000704400000, 0x000000070c180000, 0x0000000781700000)
  object space 128512K, 0% used [0x0000000704400000,0x0000000704400000,0x000000070c180000)
 Metaspace       used 15638K, capacity 16166K, committed 16512K, reserved 1062912K
  class space    used 2149K, capacity 2318K, committed 2432K, reserved 1048576K
Event: 2.025 GC heap after
Heap after GC invocations=1 (full 0):
 PSYoungGen      total 56320K, used 7661K [0x0000000781700000, 0x0000000788500000, 0x00000007c0000000)
  eden space 48640K, 0% used [0x0000000781700000,0x0000000781700000,0x0000000784680000)
  from space 7680K, 99% used [0x0000000784680000,0x0000000784dfb6e0,0x0000000784e00000)
  to   space 7680K, 0% used [0x0000000787d80000,0x0000000787d80000,0x0000000788500000)
 ParOldGen       total 128512K, used 6858K [0x0000000704400000, 0x000000070c180000, 0x0000000781700000)
  object space 128512K, 5% used [0x0000000704400000,0x0000000704ab2878,0x000000070c180000)
 Metaspace       used 15638K, capacity 16166K, committed 16512K, reserved 1062912K
  class space    used 2149K, capacity 2318K, committed 2432K, reserved 1048576K
}
Event: 24.595 GC heap before
{Heap before GC invocations=2 (full 0):
 PSYoungGen      total 56320K, used 54741K [0x0000000781700000, 0x0000000788500000, 0x00000007c0000000)
  eden space 48640K, 96% used [0x0000000781700000,0x00000007844f9e60,0x0000000784680000)
  from space 7680K, 99% used [0x0000000784680000,0x0000000784dfb6e0,0x0000000784e00000)
  to   space 7680K, 0% used [0x0000000787d80000,0x0000000787d80000,0x0000000788500000)
 ParOldGen       total 128512K, used 6858K [0x0000000704400000, 0x000000070c180000, 0x0000000781700000)
  object space 128512K, 5% used [0x0000000704400000,0x0000000704ab2878,0x000000070c180000)
 Metaspace       used 18462K, capacity 19290K, committed 19456K, reserved 1067008K
  class space    used 2495K, capacity 2712K, committed 2816K, reserved 1048576K
Event: 24.621 GC heap after
Heap after GC invocations=2 (full 0):
 PSYoungGen      total 56320K, used 7656K [0x0000000781700000, 0x0000000788500000, 0x00000007c0000000)
  eden space 48640K, 0% used [0x0000000781700000,0x0000000781700000,0x0000000784680000)
  from space 7680K, 99% used [0x0000000787d80000,0x00000007884fa2f0,0x0000000788500000)
  to   space 7680K, 0% used [0x0000000784680000,0x0000000784680000,0x0000000784e00000)
 ParOldGen       total 128512K, used 10392K [0x0000000704400000, 0x000000070c180000, 0x0000000781700000)
  object space 128512K, 8% used [0x0000000704400000,0x0000000704e26228,0x000000070c180000)
 Metaspace       used 18462K, capacity 19290K, committed 19456K, reserved 1067008K
  class space    used 2495K, capacity 2712K, committed 2816K, reserved 1048576K
}
Event: 32.047 GC heap before
{Heap before GC invocations=3 (full 0):
 PSYoungGen      total 56320K, used 55253K [0x0000000781700000, 0x0000000788500000, 0x00000007c0000000)
  eden space 48640K, 97% used [0x0000000781700000,0x000000078457b1a8,0x0000000784680000)
  from space 7680K, 99% used [0x0000000787d80000,0x00000007884fa2f0,0x0000000788500000)
  to   space 7680K, 0% used [0x0000000784680000,0x0000000784680000,0x0000000784e00000)
 ParOldGen       total 128512K, used 10392K [0x0000000704400000, 0x000000070c180000, 0x0000000781700000)
  object space 128512K, 8% used [0x0000000704400000,0x0000000704e26228,0x000000070c180000)
 Metaspace       used 18743K, capacity 19572K, committed 19712K, reserved 1067008K
  class space    used 2503K, capacity 2727K, committed 2816K, reserved 1048576K
Event: 32.070 GC heap after
Heap after GC invocations=3 (full 0):
 PSYoungGen      total 56320K, used 7654K [0x0000000781700000, 0x0000000787e00000, 0x00000007c0000000)
  eden space 48640K, 0% used [0x0000000781700000,0x0000000781700000,0x0000000784680000)
  from space 7680K, 99% used [0x0000000784680000,0x0000000784df9990,0x0000000784e00000)
  to   space 7680K, 0% used [0x0000000787680000,0x0000000787680000,0x0000000787e00000)
 ParOldGen       total 128512K, used 14807K [0x0000000704400000, 0x000000070c180000, 0x0000000781700000)
  object space 128512K, 11% used [0x0000000704400000,0x0000000705275f18,0x000000070c180000)
 Metaspace       used 18743K, capacity 19572K, committed 19712K, reserved 1067008K
  class space    used 2503K, capacity 2727K, committed 2816K, reserved 1048576K
}

